<?xml version="1.0" encoding="UTF-8"?>
<testng-results ignored="0" total="1" passed="1" failed="0" skipped="0">
  <reporter-output>
  </reporter-output>
  <suite started-at="2022-09-20T15:18:33 IST" name="Default suite" finished-at="2022-09-20T15:18:41 IST" duration-ms="7618">
    <groups>
    </groups>
    <test started-at="2022-09-20T15:18:33 IST" name="Default test" finished-at="2022-09-20T15:18:41 IST" duration-ms="7618">
      <class name="TestPackage.TestNGClass">
        <test-method is-config="true" signature="abc()[pri:0, instance:TestPackage.TestNGClass@5c6648b0]" started-at="2022-09-20T15:18:33 IST" name="abc" finished-at="2022-09-20T15:18:38 IST" duration-ms="4920" status="PASS">
          <reporter-output>
          </reporter-output>
        </test-method> <!-- abc -->
        <test-method is-config="true" signature="mnb()[pri:0, instance:TestPackage.TestNGClass@5c6648b0]" started-at="2022-09-20T15:18:38 IST" name="mnb" finished-at="2022-09-20T15:18:38 IST" duration-ms="0" status="PASS">
          <reporter-output>
          </reporter-output>
        </test-method> <!-- mnb -->
        <test-method signature="anb()[pri:0, instance:TestPackage.TestNGClass@5c6648b0]" started-at="2022-09-20T15:18:38 IST" name="anb" finished-at="2022-09-20T15:18:41 IST" duration-ms="2667" status="PASS">
          <reporter-output>
          </reporter-output>
        </test-method> <!-- anb -->
      </class> <!-- TestPackage.TestNGClass -->
    </test> <!-- Default test -->
  </suite> <!-- Default suite -->
</testng-results>
